This file contains any messages produced by compilers while
running configure, to aid debugging if configure makes a mistake.

It was created by configure, which was
generated by GNU Autoconf 2.61.  Invocation command line was

  $ ./configure 

## --------- ##
## Platform. ##
## --------- ##

hostname = Alexander-Pruss
uname -m = i686
uname -r = 1.5.25(0.156/4/2)
uname -s = CYGWIN_NT-5.1
uname -v = 2008-06-12 19:34

/usr/bin/uname -p = unknown
/bin/uname -X     = unknown

/bin/arch              = i686
/usr/bin/arch -k       = unknown
/usr/convex/getsysinfo = unknown
/usr/bin/hostinfo      = unknown
/bin/machine           = unknown
/usr/bin/oslevel       = unknown
/bin/universe          = unknown

PATH: /usr/local/bin
PATH: /usr/bin
PATH: /bin
PATH: /usr/X11R6/bin
PATH: /cygdrive/c/Program Files/Microsoft SDKs/Windows/v6.0/VC/Bin
PATH: /cygdrive/c/Program Files/Microsoft SDKs/Windows/v6.0/Bin
PATH: /cygdrive/c/WINDOWS/Microsoft.NET/Framework/v2.0.50727
PATH: !Path!


## ----------- ##
## Core tests. ##
## ----------- ##

configure:1867: checking for ranlib
configure:1883: found /usr/bin/ranlib
configure:1894: result: ranlib
configure:1964: checking for a BSD-compatible install
configure:2020: result: /usr/bin/install -c
configure:2079: checking for gcc
configure:2095: found /usr/bin/gcc
configure:2106: result: gcc
configure:2344: checking for C compiler version
configure:2351: gcc --version >&5
gcc (GCC) 3.4.4 (cygming special, gdc 0.12, using dmd 0.125)
Copyright (C) 2004 Free Software Foundation, Inc.
This is free software; see the source for copying conditions.  There is NO
warranty; not even for MERCHANTABILITY or FITNESS FOR A PARTICULAR PURPOSE.

configure:2354: $? = 0
configure:2361: gcc -v >&5
Reading specs from /usr/lib/gcc/i686-pc-cygwin/3.4.4/specs
Configured with: /usr/build/package/orig/test.respin/gcc-3.4.4-3/configure --verbose --prefix=/usr --exec-prefix=/usr --sysconfdir=/etc --libdir=/usr/lib --libexecdir=/usr/lib --mandir=/usr/share/man --infodir=/usr/share/info --enable-languages=c,ada,c++,d,f77,pascal,java,objc --enable-nls --without-included-gettext --enable-version-specific-runtime-libs --without-x --enable-libgcj --disable-java-awt --with-system-zlib --enable-interpreter --disable-libgcj-debug --enable-threads=posix --enable-java-gc=boehm --disable-win32-registry --enable-sjlj-exceptions --enable-hash-synchronization --enable-libstdcxx-debug
Thread model: posix
gcc version 3.4.4 (cygming special, gdc 0.12, using dmd 0.125)
configure:2364: $? = 0
configure:2371: gcc -V >&5
gcc: `-V' option must have argument
configure:2374: $? = 1
configure:2397: checking for C compiler default output file name
configure:2424: gcc    conftest.c  >&5
configure:2427: $? = 0
configure:2465: result: a.exe
configure:2482: checking whether the C compiler works
configure:2492: ./a.exe
configure:2495: $? = 0
configure:2512: result: yes
configure:2519: checking whether we are cross compiling
configure:2521: result: no
configure:2524: checking for suffix of executables
configure:2531: gcc -o conftest.exe    conftest.c  >&5
configure:2534: $? = 0
configure:2558: result: .exe
configure:2564: checking for suffix of object files
configure:2590: gcc -c   conftest.c >&5
configure:2593: $? = 0
configure:2616: result: o
configure:2620: checking whether we are using the GNU C compiler
configure:2649: gcc -c   conftest.c >&5
configure:2655: $? = 0
configure:2672: result: yes
configure:2677: checking whether gcc accepts -g
configure:2707: gcc -c -g  conftest.c >&5
configure:2713: $? = 0
configure:2812: result: yes
configure:2829: checking for gcc option to accept ISO C89
configure:2903: gcc  -c -g -O2  conftest.c >&5
configure:2909: $? = 0
configure:2932: result: none needed
configure:3008: checking for g++
configure:3024: found /usr/bin/g++
configure:3035: result: g++
configure:3066: checking for C++ compiler version
configure:3073: g++ --version >&5
g++ (GCC) 3.4.4 (cygming special, gdc 0.12, using dmd 0.125)
Copyright (C) 2004 Free Software Foundation, Inc.
This is free software; see the source for copying conditions.  There is NO
warranty; not even for MERCHANTABILITY or FITNESS FOR A PARTICULAR PURPOSE.

configure:3076: $? = 0
configure:3083: g++ -v >&5
Reading specs from /usr/lib/gcc/i686-pc-cygwin/3.4.4/specs
Configured with: /usr/build/package/orig/test.respin/gcc-3.4.4-3/configure --verbose --prefix=/usr --exec-prefix=/usr --sysconfdir=/etc --libdir=/usr/lib --libexecdir=/usr/lib --mandir=/usr/share/man --infodir=/usr/share/info --enable-languages=c,ada,c++,d,f77,pascal,java,objc --enable-nls --without-included-gettext --enable-version-specific-runtime-libs --without-x --enable-libgcj --disable-java-awt --with-system-zlib --enable-interpreter --disable-libgcj-debug --enable-threads=posix --enable-java-gc=boehm --disable-win32-registry --enable-sjlj-exceptions --enable-hash-synchronization --enable-libstdcxx-debug
Thread model: posix
gcc version 3.4.4 (cygming special, gdc 0.12, using dmd 0.125)
configure:3086: $? = 0
configure:3093: g++ -V >&5
g++: `-V' option must have argument
configure:3096: $? = 1
configure:3099: checking whether we are using the GNU C++ compiler
configure:3128: g++ -c   conftest.cpp >&5
configure:3134: $? = 0
configure:3151: result: yes
configure:3156: checking whether g++ accepts -g
configure:3186: g++ -c -g  conftest.cpp >&5
configure:3192: $? = 0
configure:3291: result: yes
configure:3318: checking for python
configure:3336: found /usr/bin/python
configure:3348: result: /usr/bin/python
configure:3361: checking "Python version"
configure:3376: result: "2.5.2"
configure:3414: checking for java
configure:3432: found /usr/local/bin/java
configure:3444: result: /usr/local/bin/java
configure:3454: checking for javac
configure:3472: found /usr/local/bin/javac
configure:3484: result: /usr/local/bin/javac
configure:3494: checking for jython
configure:3527: result: no
configure:3534: checking for jythonc
configure:3567: result: no
configure:3574: checking for jar
configure:3607: result: no
configure:3613: result: Java and/or Jython not available
configure:3661: checking for pnmtopalm
configure:3679: found /usr/bin/pnmtopalm
configure:3691: result: /usr/bin/pnmtopalm
configure:3701: checking for ppmquant
configure:3719: found /usr/bin/ppmquant
configure:3731: result: /usr/bin/ppmquant
configure:3741: checking for ppmtoTbmp
configure:3774: result: no
configure:3781: checking for mogrify
configure:3799: found /usr/bin/mogrify
configure:3811: result: /usr/bin/mogrify
configure:3819: checking "for PIL"
configure:3827: result: yes
configure:3831: checking "what to use for image transformation"
configure:3852: result: netpbm2
configure:3858: checking for autoconf
configure:3876: found /usr/bin/autoconf
configure:3889: result: /usr/bin/autoconf
configure:3987: checking for gsed
configure:4020: result: no
configure:3987: checking for sed
configure:4005: found /usr/bin/sed
configure:4017: result: /usr/bin/sed
configure:4036: checking for latex
configure:4069: result: no
configure:4075: WARNING: "Unable to find latex"
configure:4081: checking for latex2html
configure:4114: result: no
configure:4120: WARNING: "Unable to find latex2html"
configure:4126: checking for giftopnm
configure:4144: found /usr/bin/giftopnm
configure:4156: result: /usr/bin/giftopnm
configure:4171: checking for pnmtops
configure:4189: found /usr/bin/pnmtops
configure:4201: result: /usr/bin/pnmtops
configure:4413: checking how to run the C preprocessor
configure:4453: gcc -E  conftest.c
configure:4459: $? = 0
configure:4490: gcc -E  conftest.c
conftest.c:8:28: ac_nonexistent.h: No such file or directory
configure:4496: $? = 1
configure: failed program was:
| /* confdefs.h.  */
| #define PACKAGE_NAME ""
| #define PACKAGE_TARNAME ""
| #define PACKAGE_VERSION ""
| #define PACKAGE_STRING ""
| #define PACKAGE_BUGREPORT ""
| /* end confdefs.h.  */
| #include <ac_nonexistent.h>
configure:4529: result: gcc -E
configure:4558: gcc -E  conftest.c
configure:4564: $? = 0
configure:4595: gcc -E  conftest.c
conftest.c:8:28: ac_nonexistent.h: No such file or directory
configure:4601: $? = 1
configure: failed program was:
| /* confdefs.h.  */
| #define PACKAGE_NAME ""
| #define PACKAGE_TARNAME ""
| #define PACKAGE_VERSION ""
| #define PACKAGE_STRING ""
| #define PACKAGE_BUGREPORT ""
| /* end confdefs.h.  */
| #include <ac_nonexistent.h>
configure:4639: checking for grep that handles long lines and -e
configure:4713: result: /usr/bin/grep
configure:4718: checking for egrep
configure:4796: result: /usr/bin/grep -E
configure:4801: checking for ANSI C header files
configure:4831: gcc -c -g -O2  conftest.c >&5
configure:4837: $? = 0
configure:4936: gcc -o conftest.exe -g -O2   conftest.c  >&5
configure:4939: $? = 0
configure:4945: ./conftest.exe
configure:4948: $? = 0
configure:4965: result: yes
configure:4989: checking for sys/types.h
configure:5010: gcc -c -g -O2  conftest.c >&5
configure:5016: $? = 0
configure:5032: result: yes
configure:4989: checking for sys/stat.h
configure:5010: gcc -c -g -O2  conftest.c >&5
configure:5016: $? = 0
configure:5032: result: yes
configure:4989: checking for stdlib.h
configure:5010: gcc -c -g -O2  conftest.c >&5
configure:5016: $? = 0
configure:5032: result: yes
configure:4989: checking for string.h
configure:5010: gcc -c -g -O2  conftest.c >&5
configure:5016: $? = 0
configure:5032: result: yes
configure:4989: checking for memory.h
configure:5010: gcc -c -g -O2  conftest.c >&5
configure:5016: $? = 0
configure:5032: result: yes
configure:4989: checking for strings.h
configure:5010: gcc -c -g -O2  conftest.c >&5
configure:5016: $? = 0
configure:5032: result: yes
configure:4989: checking for inttypes.h
configure:5010: gcc -c -g -O2  conftest.c >&5
configure:5016: $? = 0
configure:5032: result: yes
configure:4989: checking for stdint.h
configure:5010: gcc -c -g -O2  conftest.c >&5
configure:5016: $? = 0
configure:5032: result: yes
configure:4989: checking for unistd.h
configure:5010: gcc -c -g -O2  conftest.c >&5
configure:5016: $? = 0
configure:5032: result: yes
configure:5054: checking zlib.h usability
configure:5071: gcc -c -g -O2  conftest.c >&5
configure:5077: $? = 0
configure:5091: result: yes
configure:5095: checking zlib.h presence
configure:5110: gcc -E  conftest.c
configure:5116: $? = 0
configure:5130: result: yes
configure:5158: checking for zlib.h
configure:5165: result: yes
configure:5184: checking jpeglib.h usability
configure:5201: gcc -c -g -O2  conftest.c >&5
conftest.c:51:21: jpeglib.h: No such file or directory
configure:5207: $? = 1
configure: failed program was:
| /* confdefs.h.  */
| #define PACKAGE_NAME ""
| #define PACKAGE_TARNAME ""
| #define PACKAGE_VERSION ""
| #define PACKAGE_STRING ""
| #define PACKAGE_BUGREPORT ""
| #define STDC_HEADERS 1
| #define HAVE_SYS_TYPES_H 1
| #define HAVE_SYS_STAT_H 1
| #define HAVE_STDLIB_H 1
| #define HAVE_STRING_H 1
| #define HAVE_MEMORY_H 1
| #define HAVE_STRINGS_H 1
| #define HAVE_INTTYPES_H 1
| #define HAVE_STDINT_H 1
| #define HAVE_UNISTD_H 1
| /* end confdefs.h.  */
| #include <stdio.h>
| #ifdef HAVE_SYS_TYPES_H
| # include <sys/types.h>
| #endif
| #ifdef HAVE_SYS_STAT_H
| # include <sys/stat.h>
| #endif
| #ifdef STDC_HEADERS
| # include <stdlib.h>
| # include <stddef.h>
| #else
| # ifdef HAVE_STDLIB_H
| #  include <stdlib.h>
| # endif
| #endif
| #ifdef HAVE_STRING_H
| # if !defined STDC_HEADERS && defined HAVE_MEMORY_H
| #  include <memory.h>
| # endif
| # include <string.h>
| #endif
| #ifdef HAVE_STRINGS_H
| # include <strings.h>
| #endif
| #ifdef HAVE_INTTYPES_H
| # include <inttypes.h>
| #endif
| #ifdef HAVE_STDINT_H
| # include <stdint.h>
| #endif
| #ifdef HAVE_UNISTD_H
| # include <unistd.h>
| #endif
| #include <jpeglib.h>
configure:5221: result: no
configure:5225: checking jpeglib.h presence
configure:5240: gcc -E  conftest.c
conftest.c:18:21: jpeglib.h: No such file or directory
configure:5246: $? = 1
configure: failed program was:
| /* confdefs.h.  */
| #define PACKAGE_NAME ""
| #define PACKAGE_TARNAME ""
| #define PACKAGE_VERSION ""
| #define PACKAGE_STRING ""
| #define PACKAGE_BUGREPORT ""
| #define STDC_HEADERS 1
| #define HAVE_SYS_TYPES_H 1
| #define HAVE_SYS_STAT_H 1
| #define HAVE_STDLIB_H 1
| #define HAVE_STRING_H 1
| #define HAVE_MEMORY_H 1
| #define HAVE_STRINGS_H 1
| #define HAVE_INTTYPES_H 1
| #define HAVE_STDINT_H 1
| #define HAVE_UNISTD_H 1
| /* end confdefs.h.  */
| #include <jpeglib.h>
configure:5260: result: no
configure:5288: checking for jpeglib.h
configure:5295: result: no
configure:5304: checking for deflateEnd in -lz
configure:5339: gcc -o conftest.exe -g -O2   conftest.c -lz   >&5
configure:5345: $? = 0
configure:5363: result: yes
configure:5371: checking for jpeg_start_compress in -ljpeg
configure:5406: gcc -o conftest.exe -g -O2   conftest.c -ljpeg   -lz >&5
/usr/lib/gcc/i686-pc-cygwin/3.4.4/../../../../i686-pc-cygwin/bin/ld: cannot find -ljpeg
collect2: ld returned 1 exit status
configure:5412: $? = 1
configure: failed program was:
| /* confdefs.h.  */
| #define PACKAGE_NAME ""
| #define PACKAGE_TARNAME ""
| #define PACKAGE_VERSION ""
| #define PACKAGE_STRING ""
| #define PACKAGE_BUGREPORT ""
| #define STDC_HEADERS 1
| #define HAVE_SYS_TYPES_H 1
| #define HAVE_SYS_STAT_H 1
| #define HAVE_STDLIB_H 1
| #define HAVE_STRING_H 1
| #define HAVE_MEMORY_H 1
| #define HAVE_STRINGS_H 1
| #define HAVE_INTTYPES_H 1
| #define HAVE_STDINT_H 1
| #define HAVE_UNISTD_H 1
| /* end confdefs.h.  */
| 
| /* Override any GCC internal prototype to avoid an error.
|    Use char because int might match the return type of a GCC
|    builtin and then its argument prototype would still apply.  */
| #ifdef __cplusplus
| extern "C"
| #endif
| char jpeg_start_compress ();
| int
| main ()
| {
| return jpeg_start_compress ();
|   ;
|   return 0;
| }
configure:5430: result: no
configure:5462: result: explode will not be built, because the libjpeg header file is not installed
configure:5481: checking for at
configure:5512: result: at
configure:5522: checking for rm
configure:5540: found /usr/bin/rm
configure:5553: result: /usr/bin/rm
configure:5563: checking for netscape
configure:5594: result: netscape
configure:5629: checking for pkg-config
configure:5647: found /usr/bin/pkg-config
configure:5659: result: /usr/bin/pkg-config
configure:5668: checking for GTK+ version 2
configure:5673: result: no
configure:5675: result: GTK+ viewer will not be built, because GTK+ 2.x is missing or badly installed
configure:5702: checking for zlib.h
configure:5707: result: yes
configure:5831: checking for deflateEnd in -lz
configure:5890: result: yes
configure:5919: checking for at
configure:5950: result: at
configure:5960: checking for rm
configure:5991: result: /usr/bin/rm
configure:6136: creating ./config.status

## ---------------------- ##
## Running config.status. ##
## ---------------------- ##

This file was extended by config.status, which was
generated by GNU Autoconf 2.61.  Invocation command line was

  CONFIG_FILES    = 
  CONFIG_HEADERS  = 
  CONFIG_LINKS    = 
  CONFIG_COMMANDS = 
  $ ./config.status 

on Alexander-Pruss

config.status:628: creating Makefile
config.status:628: creating unix/setup.py
config.status:628: creating parser/Makefile
config.status:628: creating parser/python/Makefile
config.status:628: creating parser/python/PyPlucker/Makefile
config.status:628: creating parser/python/PyPlucker/__init__.py
config.status:628: creating docs/Makefile
config.status:763: WARNING:  docs/Makefile.in seems to ignore the --datarootdir setting
config.status:628: creating tools/Makefile
config.status:628: creating tools/pluck-comics/Makefile
config.status:628: creating tools/pluck-comics/pluck-comics.py
config.status:628: creating viewer-GTK+2-POSIX/Makefile
config.status:628: creating plucker_desktop/Makefile
config.status:628: creating tools/unpluck/Makefile
config.status:628: creating parser/c++/Makefile
configure:7172: === configuring in viewer (/fullplucker/viewer)
configure:7275: running /bin/sh ./configure '--prefix=/usr/local'  --cache-file=/dev/null --srcdir=.

## ---------------- ##
## Cache variables. ##
## ---------------- ##

ac_cv_c_compiler_gnu=yes
ac_cv_cxx_compiler_gnu=yes
ac_cv_env_CCC_set=
ac_cv_env_CCC_value=
ac_cv_env_CC_set=
ac_cv_env_CC_value=
ac_cv_env_CFLAGS_set=
ac_cv_env_CFLAGS_value=
ac_cv_env_CPPFLAGS_set=
ac_cv_env_CPPFLAGS_value=
ac_cv_env_CPP_set=
ac_cv_env_CPP_value=
ac_cv_env_CXXFLAGS_set=
ac_cv_env_CXXFLAGS_value=
ac_cv_env_CXX_set=
ac_cv_env_CXX_value=
ac_cv_env_LDFLAGS_set=
ac_cv_env_LDFLAGS_value=
ac_cv_env_LIBS_set=
ac_cv_env_LIBS_value=
ac_cv_env_build_alias_set=
ac_cv_env_build_alias_value=
ac_cv_env_host_alias_set=
ac_cv_env_host_alias_value=
ac_cv_env_target_alias_set=
ac_cv_env_target_alias_value=
ac_cv_exeext=.exe
ac_cv_header_inttypes_h=yes
ac_cv_header_jpeglib_h=no
ac_cv_header_memory_h=yes
ac_cv_header_stdc=yes
ac_cv_header_stdint_h=yes
ac_cv_header_stdlib_h=yes
ac_cv_header_string_h=yes
ac_cv_header_strings_h=yes
ac_cv_header_sys_stat_h=yes
ac_cv_header_sys_types_h=yes
ac_cv_header_unistd_h=yes
ac_cv_header_zlib_h=yes
ac_cv_lib_jpeg_jpeg_start_compress=no
ac_cv_lib_z_deflateEnd=yes
ac_cv_objext=o
ac_cv_path_AT_PROG=at
ac_cv_path_AUTOCONF=/usr/bin/autoconf
ac_cv_path_EGREP='/usr/bin/grep -E'
ac_cv_path_GIFTOPNM=/usr/bin/giftopnm
ac_cv_path_GREP=/usr/bin/grep
ac_cv_path_JAVA=/usr/local/bin/java
ac_cv_path_JAVAC=/usr/local/bin/javac
ac_cv_path_MOGRIFY=/usr/bin/mogrify
ac_cv_path_NETSCAPE_PROG=netscape
ac_cv_path_PKG_CONFIG=/usr/bin/pkg-config
ac_cv_path_PNMTOPALM=/usr/bin/pnmtopalm
ac_cv_path_PNMTOPS=/usr/bin/pnmtops
ac_cv_path_PPMQUANT=/usr/bin/ppmquant
ac_cv_path_PYTHON=/usr/bin/python
ac_cv_path_RM_PROG=/usr/bin/rm
ac_cv_path_SED=/usr/bin/sed
ac_cv_path_install='/usr/bin/install -c'
ac_cv_prog_CPP='gcc -E'
ac_cv_prog_ac_ct_CC=gcc
ac_cv_prog_ac_ct_CXX=g++
ac_cv_prog_ac_ct_RANLIB=ranlib
ac_cv_prog_cc_c89=
ac_cv_prog_cc_g=yes
ac_cv_prog_cxx_g=yes

## ----------------- ##
## Output variables. ##
## ----------------- ##

AT_PROG='at'
AUTOCONF='/usr/bin/autoconf'
BUILD_CPLUCKER='yes'
BUILD_DESKTOP='yes'
BUILD_EXPLODE='no'
BUILD_GTKVIEWER='no'
BUILD_MANUAL='no'
BUILD_PRC='yes'
BUILD_UNPLUCK='yes'
CC='gcc'
CFLAGS='-g -O2'
COMICSLIST_DIR='${prefix}/share/plucker/comics'
COMICS_DIR='/var/spool/netcomics'
CPP='gcc -E'
CPPFLAGS=''
CXX='g++'
CXXFLAGS='-g -O2'
DEFS='-DPACKAGE_NAME=\"\" -DPACKAGE_TARNAME=\"\" -DPACKAGE_VERSION=\"\" -DPACKAGE_STRING=\"\" -DPACKAGE_BUGREPORT=\"\" -DSTDC_HEADERS=1 -DHAVE_SYS_TYPES_H=1 -DHAVE_SYS_STAT_H=1 -DHAVE_STDLIB_H=1 -DHAVE_STRING_H=1 -DHAVE_MEMORY_H=1 -DHAVE_STRINGS_H=1 -DHAVE_INTTYPES_H=1 -DHAVE_STDINT_H=1 -DHAVE_UNISTD_H=1'
DOCDIR='${prefix}/share/plucker/doc'
ECHO_C=''
ECHO_N='-n'
ECHO_T=''
EGREP='/usr/bin/grep -E'
EXEEXT='.exe'
GIFTOPNM='/usr/bin/giftopnm'
GREP='/usr/bin/grep'
GTK2INCLUDES=''
GTK2LIBS=''
IMAGEHACKING='netpbm2'
INSTALL_DATA='${INSTALL} -m 644'
INSTALL_PROGRAM='${INSTALL}'
INSTALL_SCRIPT='${INSTALL}'
JAR=''
JAVA='/usr/local/bin/java'
JAVAC='/usr/local/bin/javac'
JAVA_CLASSPATH='.;C:\Program Files\Java\jre1.6.0_01\lib\ext\QTJava.zip'
JAVA_DISTILLER_TARGET=''
JAVA_HOME=''
JYTHON=''
JYTHONC=''
L2H=''
LATEX=''
LDFLAGS=''
LIBOBJS=''
LIBS=' -lz -lz'
LTLIBOBJS=''
MODULE_DIR='/usr/lib/python2.5/site-packages/PyPlucker'
MOGRIFY='/usr/bin/mogrify'
NETSCAPE_PROG='netscape'
NLSDIR='${prefix}/share/locale'
OBJEXT='o'
PACKAGE='plucker'
PACKAGE_BUGREPORT=''
PACKAGE_NAME=''
PACKAGE_STRING=''
PACKAGE_TARNAME=''
PACKAGE_VERSION=''
PATH_SEPARATOR=':'
PKG_CONFIG='/usr/bin/pkg-config'
PLUCKERDIR='${prefix}/share/plucker'
PNMTOPALM='/usr/bin/pnmtopalm'
PNMTOPS='/usr/bin/pnmtops'
PPMQUANT='/usr/bin/ppmquant'
PPMTOTBMP=''
PYTHON='/usr/bin/python'
PYTHON_LIBDIR='/usr/lib/python2.5'
RANLIB='ranlib'
RM_PROG='/usr/bin/rm'
SED='/usr/bin/sed'
SHELL='/bin/sh'
VERSION='2005-02-07-cvs'
ac_ct_CC='gcc'
ac_ct_CXX='g++'
bindir='/usr/local/bin'
build_alias=''
datadir='${prefix}/share'
datarootdir='${prefix}/share'
docdir='${datarootdir}/doc/${PACKAGE}'
dvidir='${docdir}'
exec_prefix='/usr/local'
host_alias=''
htmldir='${docdir}'
includedir='${prefix}/include'
infodir='${datarootdir}/info'
libdir='/usr/local/lib'
libexecdir='${exec_prefix}/libexec'
localedir='${datarootdir}/locale'
localstatedir='${prefix}/var'
mandir='${datarootdir}/man'
oldincludedir='/usr/include'
pdfdir='${docdir}'
prefix='/usr/local'
program_transform_name='s,x,x,'
psdir='${docdir}'
sbindir='${exec_prefix}/sbin'
sharedstatedir='${prefix}/com'
subdirs=' viewer'
sysconfdir='/usr/local/etc'
target_alias=''

## ----------- ##
## confdefs.h. ##
## ----------- ##

#define PACKAGE_NAME ""
#define PACKAGE_TARNAME ""
#define PACKAGE_VERSION ""
#define PACKAGE_STRING ""
#define PACKAGE_BUGREPORT ""
#define STDC_HEADERS 1
#define HAVE_SYS_TYPES_H 1
#define HAVE_SYS_STAT_H 1
#define HAVE_STDLIB_H 1
#define HAVE_STRING_H 1
#define HAVE_MEMORY_H 1
#define HAVE_STRINGS_H 1
#define HAVE_INTTYPES_H 1
#define HAVE_STDINT_H 1
#define HAVE_UNISTD_H 1

configure: exit 0
