This file contains any messages produced by compilers while
running configure, to aid debugging if configure makes a mistake.

It was created by configure, which was
generated by GNU Autoconf 2.59c.  Invocation command line was

  $ ./configure --target=i686-pc-mingw32

## --------- ##
## Platform. ##
## --------- ##

hostname = Alexander-Pruss
uname -m = i686
uname -r = 1.5.25(0.156/4/2)
uname -s = CYGWIN_NT-5.1
uname -v = 2008-06-12 19:34

/usr/bin/uname -p = unknown
/bin/uname -X     = unknown

/bin/arch              = i686
/usr/bin/arch -k       = unknown
/usr/convex/getsysinfo = unknown
/usr/bin/hostinfo      = unknown
/bin/machine           = unknown
/usr/bin/oslevel       = unknown
/bin/universe          = unknown

PATH: /usr/local/bin
PATH: /usr/bin
PATH: /bin
PATH: /usr/X11R6/bin
PATH: /cygdrive/c/Program Files/Microsoft SDKs/Windows/v6.0/VC/Bin
PATH: /cygdrive/c/Program Files/Microsoft SDKs/Windows/v6.0/Bin
PATH: /cygdrive/c/WINDOWS/Microsoft.NET/Framework/v2.0.50727
PATH: !Path!


## ----------- ##
## Core tests. ##
## ----------- ##

configure:1897: checking build system type
configure:1915: result: i686-pc-cygwin
configure:1934: checking host system type
configure:1949: result: i686-pc-cygwin
configure:1968: checking target system type
configure:1983: result: i686-pc-mingw32
configure:2025: checking for a BSD-compatible install
configure:2080: result: /usr/bin/install -c
configure:2091: checking whether build environment is sane
configure:2134: result: yes
configure:2203: checking for gawk
configure:2219: found /usr/bin/gawk
configure:2229: result: gawk
configure:2240: checking whether make sets $(MAKE)
configure:2261: result: yes
configure:2445: checking whether to enable maintainer-specific portions of Makefiles
configure:2454: result: no
configure:2518: checking for gcc
configure:2534: found /usr/bin/gcc
configure:2544: result: gcc
configure:2774: checking for C compiler version
configure:2776: gcc --version >&5
gcc (GCC) 3.4.4 (cygming special, gdc 0.12, using dmd 0.125)
Copyright (C) 2004 Free Software Foundation, Inc.
This is free software; see the source for copying conditions.  There is NO
warranty; not even for MERCHANTABILITY or FITNESS FOR A PARTICULAR PURPOSE.

configure:2779: $? = 0
configure:2781: gcc -v >&5
Reading specs from /usr/lib/gcc/i686-pc-cygwin/3.4.4/specs
Configured with: /usr/build/package/orig/test.respin/gcc-3.4.4-3/configure --verbose --prefix=/usr --exec-prefix=/usr --sysconfdir=/etc --libdir=/usr/lib --libexecdir=/usr/lib --mandir=/usr/share/man --infodir=/usr/share/info --enable-languages=c,ada,c++,d,f77,pascal,java,objc --enable-nls --without-included-gettext --enable-version-specific-runtime-libs --without-x --enable-libgcj --disable-java-awt --with-system-zlib --enable-interpreter --disable-libgcj-debug --enable-threads=posix --enable-java-gc=boehm --disable-win32-registry --enable-sjlj-exceptions --enable-hash-synchronization --enable-libstdcxx-debug
Thread model: posix
gcc version 3.4.4 (cygming special, gdc 0.12, using dmd 0.125)
configure:2784: $? = 0
configure:2786: gcc -V >&5
gcc: `-V' option must have argument
configure:2789: $? = 1
configure:2812: checking for C compiler default output file name
configure:2834: gcc    conftest.c  >&5
configure:2837: $? = 0
configure:2875: result: a.exe
configure:2880: checking whether the C compiler works
configure:2886: ./a.exe
configure:2889: $? = 0
configure:2906: result: yes
configure:2913: checking whether we are cross compiling
configure:2915: result: no
configure:2918: checking for suffix of executables
configure:2920: gcc -o conftest.exe    conftest.c  >&5
configure:2923: $? = 0
configure:2948: result: .exe
configure:2954: checking for suffix of object files
configure:2975: gcc -c   conftest.c >&5
configure:2978: $? = 0
configure:3001: result: o
configure:3005: checking whether we are using the GNU C compiler
configure:3029: gcc -c   conftest.c >&5
configure:3035: $? = 0
configure:3039: test -z 
			 || test ! -s conftest.err
configure:3042: $? = 0
configure:3045: test -s conftest.o
configure:3048: $? = 0
configure:3062: result: yes
configure:3067: checking whether gcc accepts -g
configure:3092: gcc -c -g  conftest.c >&5
configure:3098: $? = 0
configure:3102: test -z yes
			 || test ! -s conftest.err
configure:3105: $? = 0
configure:3108: test -s conftest.o
configure:3111: $? = 0
configure:3217: result: yes
configure:3234: checking for gcc option to accept ISO C89
configure:3298: gcc  -c -g -O2  conftest.c >&5
configure:3304: $? = 0
configure:3308: test -z 
			 || test ! -s conftest.err
configure:3311: $? = 0
configure:3314: test -s conftest.o
configure:3317: $? = 0
configure:3337: result: none needed
configure:3359: gcc -c -g -O2  conftest.c >&5
conftest.c:2: error: parse error before "me"
configure:3365: $? = 1
configure: failed program was:
| #ifndef __cplusplus
|   choke me
| #endif
configure:3514: checking for style of include used by make
configure:3542: result: GNU
configure:3570: checking dependency style of gcc
configure:3660: result: gcc3
configure:3677: checking for gcc option to accept ISO C99
configure:3797: gcc  -c -g -O2  conftest.c >&5
conftest.c:29: error: parse error before "text"
conftest.c: In function `test_restrict':
conftest.c:34: error: 'for' loop initial declaration used outside C99 mode
conftest.c:34: error: `text' undeclared (first use in this function)
conftest.c:34: error: (Each undeclared identifier is reported only once
conftest.c:34: error: for each function it appears in.)
conftest.c: In function `main':
conftest.c:85: error: syntax error before "newvar"
conftest.c:94: error: 'for' loop initial declaration used outside C99 mode
configure:3803: $? = 1
configure: failed program was:
| /* confdefs.h.  */
| #define PACKAGE_NAME ""
| #define PACKAGE_TARNAME ""
| #define PACKAGE_VERSION ""
| #define PACKAGE_STRING ""
| #define PACKAGE_BUGREPORT ""
| #define PACKAGE "libjpeg"
| #define VERSION "6.1.0"
| /* end confdefs.h.  */
| #include <stdarg.h>
| #include <stdbool.h>
| #include <stdlib.h>
| #include <wchar.h>
| #include <stdio.h>
| 
| struct incomplete_array
| {
|   int datasize;
|   double data[];
| };
| 
| struct named_init {
|   int number;
|   const wchar_t *name;
|   double average;
| };
| 
| static inline int
| test_restrict(const char *restrict text)
| {
|   // See if C++-style comments work.
|   // Iterate through items via the restricted pointer.
|   // Also check for declarations in for loops.
|   for (unsigned int i = 0; *(text+i) != '\0'; ++i)
|     continue;
|   return 0;
| }
| 
| // Check varargs and va_copy work.
| static void
| test_varargs(const char *format, ...)
| {
|   va_list args;
|   va_start(args, format);
|   va_list args_copy;
|   va_copy(args_copy, args);
| 
|   const char *str;
|   int number;
|   float fnumber;
| 
|   while (*format)
|     {
|       switch (*format++)
| 	{
| 	case 's': // string
| 	  str = va_arg(args_copy, const char *);
| 	  break;
| 	case 'd': // int
| 	  number = va_arg(args_copy, int);
| 	  break;
| 	case 'f': // float
| 	  fnumber = (float) va_arg(args_copy, double);
| 	  break;
| 	default:
| 	  break;
| 	}
|     }
|   va_end(args_copy);
|   va_end(args);
| }
| 
| int
| main ()
| {
| 
|   // Check bool and long long datatypes.
|   _Bool success = false;
|   long long int bignum = -1234567890LL;
|   unsigned long long int ubignum = 1234567890uLL;
| 
|   // Check restrict.
|   if (test_restrict("String literal") != 0)
|     success = true;
|   char *restrict newvar = "Another string";
| 
|   // Check varargs.
|   test_varargs("s, d' f .", "string", 65, 34.234);
| 
|   // Check incomplete arrays work.
|   struct incomplete_array *ia =
|     malloc(sizeof(struct incomplete_array) + (sizeof(double) * 10));
|   ia->datasize = 10;
|   for (int i = 0; i < ia->datasize; ++i)
|     ia->data[i] = (double) i * 1.234;
| 
|   // Check named initialisers.
|   struct named_init ni = {
|     .number = 34,
|     .name = L"Test wide string",
|     .average = 543.34343,
|   };
| 
|   ni.number = 58;
| 
|   int dynamic_array[ni.number];
|   dynamic_array[43] = 543;
| 
|   ;
|   return 0;
| }
configure:3797: gcc -std=gnu99 -c -g -O2  conftest.c >&5
configure:3803: $? = 0
configure:3807: test -z 
			 || test ! -s conftest.err
configure:3810: $? = 0
configure:3813: test -s conftest.o
configure:3816: $? = 0
configure:3843: result: -std=gnu99
configure:3971: checking for gcc -std=gnu99 option to accept ISO Standard C
configure:3987: result: -std=gnu99
configure:3998: checking how to run the C preprocessor
configure:4033: gcc -std=gnu99 -E  conftest.c
configure:4039: $? = 0
configure:4072: gcc -std=gnu99 -E  conftest.c
conftest.c:10:28: ac_nonexistent.h: No such file or directory
configure:4078: $? = 1
configure: failed program was:
| /* confdefs.h.  */
| #define PACKAGE_NAME ""
| #define PACKAGE_TARNAME ""
| #define PACKAGE_VERSION ""
| #define PACKAGE_STRING ""
| #define PACKAGE_BUGREPORT ""
| #define PACKAGE "libjpeg"
| #define VERSION "6.1.0"
| /* end confdefs.h.  */
| #include <ac_nonexistent.h>
configure:4118: result: gcc -std=gnu99 -E
configure:4142: gcc -std=gnu99 -E  conftest.c
configure:4148: $? = 0
configure:4181: gcc -std=gnu99 -E  conftest.c
conftest.c:10:28: ac_nonexistent.h: No such file or directory
configure:4187: $? = 1
configure: failed program was:
| /* confdefs.h.  */
| #define PACKAGE_NAME ""
| #define PACKAGE_TARNAME ""
| #define PACKAGE_VERSION ""
| #define PACKAGE_STRING ""
| #define PACKAGE_BUGREPORT ""
| #define PACKAGE "libjpeg"
| #define VERSION "6.1.0"
| /* end confdefs.h.  */
| #include <ac_nonexistent.h>
configure:4244: checking for a BSD-compatible install
configure:4299: result: /usr/bin/install -c
configure:4310: checking whether make sets $(MAKE)
configure:4331: result: yes
configure:4340: checking whether ln -s works
configure:4344: result: yes
configure:4356: checking for function prototypes
configure:4389: gcc -std=gnu99 -c -g -O2  conftest.c >&5
configure:4395: $? = 0
configure:4399: test -z 
			 || test ! -s conftest.err
configure:4402: $? = 0
configure:4405: test -s conftest.o
configure:4408: $? = 0
configure:4421: result: yes
configure:4437: checking for grep that handles long lines and -e
configure:4511: result: /usr/bin/grep
configure:4516: checking for egrep
configure:4594: result: /usr/bin/grep -E
configure:4599: checking for ANSI C header files
configure:4624: gcc -std=gnu99 -c -g -O2  conftest.c >&5
configure:4630: $? = 0
configure:4634: test -z 
			 || test ! -s conftest.err
configure:4637: $? = 0
configure:4640: test -s conftest.o
configure:4643: $? = 0
configure:4734: gcc -std=gnu99 -o conftest.exe -g -O2   conftest.c  >&5
configure:4737: $? = 0
configure:4739: ./conftest.exe
configure:4742: $? = 0
configure:4759: result: yes
configure:4783: checking for sys/types.h
configure:4799: gcc -std=gnu99 -c -g -O2  conftest.c >&5
configure:4805: $? = 0
configure:4809: test -z 
			 || test ! -s conftest.err
configure:4812: $? = 0
configure:4815: test -s conftest.o
configure:4818: $? = 0
configure:4831: result: yes
configure:4783: checking for sys/stat.h
configure:4799: gcc -std=gnu99 -c -g -O2  conftest.c >&5
configure:4805: $? = 0
configure:4809: test -z 
			 || test ! -s conftest.err
configure:4812: $? = 0
configure:4815: test -s conftest.o
configure:4818: $? = 0
configure:4831: result: yes
configure:4783: checking for stdlib.h
configure:4799: gcc -std=gnu99 -c -g -O2  conftest.c >&5
configure:4805: $? = 0
configure:4809: test -z 
			 || test ! -s conftest.err
configure:4812: $? = 0
configure:4815: test -s conftest.o
configure:4818: $? = 0
configure:4831: result: yes
configure:4783: checking for string.h
configure:4799: gcc -std=gnu99 -c -g -O2  conftest.c >&5
configure:4805: $? = 0
configure:4809: test -z 
			 || test ! -s conftest.err
configure:4812: $? = 0
configure:4815: test -s conftest.o
configure:4818: $? = 0
configure:4831: result: yes
configure:4783: checking for memory.h
configure:4799: gcc -std=gnu99 -c -g -O2  conftest.c >&5
configure:4805: $? = 0
configure:4809: test -z 
			 || test ! -s conftest.err
configure:4812: $? = 0
configure:4815: test -s conftest.o
configure:4818: $? = 0
configure:4831: result: yes
configure:4783: checking for strings.h
configure:4799: gcc -std=gnu99 -c -g -O2  conftest.c >&5
configure:4805: $? = 0
configure:4809: test -z 
			 || test ! -s conftest.err
configure:4812: $? = 0
configure:4815: test -s conftest.o
configure:4818: $? = 0
configure:4831: result: yes
configure:4783: checking for inttypes.h
configure:4799: gcc -std=gnu99 -c -g -O2  conftest.c >&5
configure:4805: $? = 0
configure:4809: test -z 
			 || test ! -s conftest.err
configure:4812: $? = 0
configure:4815: test -s conftest.o
configure:4818: $? = 0
configure:4831: result: yes
configure:4783: checking for stdint.h
configure:4799: gcc -std=gnu99 -c -g -O2  conftest.c >&5
configure:4805: $? = 0
configure:4809: test -z 
			 || test ! -s conftest.err
configure:4812: $? = 0
configure:4815: test -s conftest.o
configure:4818: $? = 0
configure:4831: result: yes
configure:4783: checking for unistd.h
configure:4799: gcc -std=gnu99 -c -g -O2  conftest.c >&5
configure:4805: $? = 0
configure:4809: test -z 
			 || test ! -s conftest.err
configure:4812: $? = 0
configure:4815: test -s conftest.o
configure:4818: $? = 0
configure:4831: result: yes
configure:4859: checking stddef.h usability
configure:4871: gcc -std=gnu99 -c -g -O2  conftest.c >&5
configure:4877: $? = 0
configure:4881: test -z 
			 || test ! -s conftest.err
configure:4884: $? = 0
configure:4887: test -s conftest.o
configure:4890: $? = 0
configure:4901: result: yes
configure:4905: checking stddef.h presence
configure:4915: gcc -std=gnu99 -E  conftest.c
configure:4921: $? = 0
configure:4942: result: yes
configure:4977: checking for stddef.h
configure:4985: result: yes
configure:4849: checking for stdlib.h
configure:4855: result: yes
configure:4999: checking for string.h
configure:5004: result: yes
configure:5148: checking for size_t
configure:5180: gcc -std=gnu99 -c -g -O2  conftest.c >&5
configure:5186: $? = 0
configure:5190: test -z 
			 || test ! -s conftest.err
configure:5193: $? = 0
configure:5196: test -s conftest.o
configure:5199: $? = 0
configure:5210: result: yes
configure:5386: checking for type unsigned char
configure:5404: gcc -std=gnu99 -c -g -O2  conftest.c >&5
configure:5410: $? = 0
configure:5414: test -z 
			 || test ! -s conftest.err
configure:5417: $? = 0
configure:5420: test -s conftest.o
configure:5423: $? = 0
configure:5425: result: yes
configure:5441: checking for type unsigned short
configure:5459: gcc -std=gnu99 -c -g -O2  conftest.c >&5
configure:5465: $? = 0
configure:5469: test -z 
			 || test ! -s conftest.err
configure:5472: $? = 0
configure:5475: test -s conftest.o
configure:5478: $? = 0
configure:5480: result: yes
configure:5496: checking for type void
configure:5535: gcc -std=gnu99 -c -g -O2  conftest.c >&5
configure:5541: $? = 0
configure:5545: test -z 
			 || test ! -s conftest.err
configure:5548: $? = 0
configure:5551: test -s conftest.o
configure:5554: $? = 0
configure:5556: result: yes
configure:5573: checking for an ANSI C-conforming const
configure:5640: gcc -std=gnu99 -c -g -O2  conftest.c >&5
configure:5646: $? = 0
configure:5650: test -z 
			 || test ! -s conftest.err
configure:5653: $? = 0
configure:5656: test -s conftest.o
configure:5659: $? = 0
configure:5671: result: yes
configure:5681: checking for inline
configure:5701: gcc -std=gnu99 -c -g -O2  conftest.c >&5
configure:5707: $? = 0
configure:5711: test -z 
			 || test ! -s conftest.err
configure:5714: $? = 0
configure:5717: test -s conftest.o
configure:5720: $? = 0
configure:5823: result: __inline__
configure:5830: checking for broken incomplete types
configure:5848: gcc -std=gnu99 -c -g -O2  conftest.c >&5
configure:5854: $? = 0
configure:5858: test -z 
			 || test ! -s conftest.err
configure:5861: $? = 0
configure:5864: test -s conftest.o
configure:5867: $? = 0
configure:5869: result: ok
configure:5885: checking for short external names
configure:5906: gcc -std=gnu99 -o conftest.exe -g -O2   conftest.c  >&5
configure:5912: $? = 0
configure:5916: test -z 
			 || test ! -s conftest.err
configure:5919: $? = 0
configure:5922: test -s conftest.exe
configure:5925: $? = 0
configure:5927: result: ok
configure:5944: checking to see if char is signed
configure:5980: gcc -std=gnu99 -o conftest.exe -g -O2   conftest.c  >&5
conftest.c: In function `is_char_signed':
conftest.c:38: warning: implicit declaration of function `printf'
conftest.c: In function `main':
conftest.c:45: warning: implicit declaration of function `exit'
configure:5983: $? = 0
configure:5985: ./conftest.exe
configure:5988: $? = 1
configure: program exited with status 1
configure: failed program was:
| /* confdefs.h.  */
| #define PACKAGE_NAME ""
| #define PACKAGE_TARNAME ""
| #define PACKAGE_VERSION ""
| #define PACKAGE_STRING ""
| #define PACKAGE_BUGREPORT ""
| #define PACKAGE "libjpeg"
| #define VERSION "6.1.0"
| #define HAVE_PROTOTYPES 1
| #define STDC_HEADERS 1
| #define HAVE_SYS_TYPES_H 1
| #define HAVE_SYS_STAT_H 1
| #define HAVE_STDLIB_H 1
| #define HAVE_STRING_H 1
| #define HAVE_MEMORY_H 1
| #define HAVE_STRINGS_H 1
| #define HAVE_INTTYPES_H 1
| #define HAVE_STDINT_H 1
| #define HAVE_UNISTD_H 1
| #define HAVE_STDDEF_H 1
| #define HAVE_STDLIB_H 1
| #define HAVE_UNSIGNED_CHAR 1
| #define HAVE_UNSIGNED_SHORT 1
| #define INLINE __inline__
| /* end confdefs.h.  */
| 
| #ifdef HAVE_PROTOTYPES
| int is_char_signed (int arg)
| #else
| int is_char_signed (arg)
|      int arg;
| #endif
| {
|   if (arg == 189) {		/* expected result for unsigned char */
|     return 0;			/* type char is unsigned */
|   }
|   else if (arg != -67) {	/* expected result for signed char */
|     printf("Hmm, it seems 'char' is not eight bits wide on your machine.\n");
|     printf("I fear the JPEG software will not work at all.\n\n");
|   }
|   return 1;			/* assume char is signed otherwise */
| }
| char signed_char_check = (char) (-67);
| int main() {
|   exit(is_char_signed((int) signed_char_check));
| }
configure:6003: result: yes
configure:6010: checking to see if right shift is signed
configure:6051: gcc -std=gnu99 -o conftest.exe -g -O2   conftest.c  >&5
conftest.c: In function `is_shifting_signed':
conftest.c:46: warning: implicit declaration of function `printf'
conftest.c: In function `main':
conftest.c:51: warning: implicit declaration of function `exit'
configure:6054: $? = 0
configure:6056: ./conftest.exe
configure:6059: $? = 1
configure: program exited with status 1
configure: failed program was:
| /* confdefs.h.  */
| #define PACKAGE_NAME ""
| #define PACKAGE_TARNAME ""
| #define PACKAGE_VERSION ""
| #define PACKAGE_STRING ""
| #define PACKAGE_BUGREPORT ""
| #define PACKAGE "libjpeg"
| #define VERSION "6.1.0"
| #define HAVE_PROTOTYPES 1
| #define STDC_HEADERS 1
| #define HAVE_SYS_TYPES_H 1
| #define HAVE_SYS_STAT_H 1
| #define HAVE_STDLIB_H 1
| #define HAVE_STRING_H 1
| #define HAVE_MEMORY_H 1
| #define HAVE_STRINGS_H 1
| #define HAVE_INTTYPES_H 1
| #define HAVE_STDINT_H 1
| #define HAVE_UNISTD_H 1
| #define HAVE_STDDEF_H 1
| #define HAVE_STDLIB_H 1
| #define HAVE_UNSIGNED_CHAR 1
| #define HAVE_UNSIGNED_SHORT 1
| #define INLINE __inline__
| /* end confdefs.h.  */
| 
| #ifdef HAVE_PROTOTYPES
| int is_shifting_signed (long arg)
| #else
| int is_shifting_signed (arg)
|      long arg;
| #endif
| /* See whether right-shift on a long is signed or not. */
| {
|   long res = arg >> 4;
| 
|   if (res == -0x7F7E80CL) {	/* expected result for signed shift */
|     return 1;			/* right shift is signed */
|   }
|   /* see if unsigned-shift hack will fix it. */
|   /* we can't just test exact value since it depends on width of long... */
|   res |= (~0L) << (32-4);
|   if (res == -0x7F7E80CL) {	/* expected result now? */
|     return 0;			/* right shift is unsigned */
|   }
|   printf("Right shift isn't acting as I expect it to.\n");
|   printf("I fear the JPEG software will not work at all.\n\n");
|   return 0;			/* try it with unsigned anyway */
| }
| int main() {
|   exit(is_shifting_signed(-0x7F7E80B1L));
| }
configure:6074: result: yes
configure:6081: checking to see if fopen accepts b spec
configure:6102: gcc -std=gnu99 -o conftest.exe -g -O2   conftest.c  >&5
conftest.c: In function `main':
conftest.c:30: warning: implicit declaration of function `exit'
configure:6105: $? = 0
configure:6107: ./conftest.exe
configure:6110: $? = 0
configure:6112: result: yes
configure:6180: checking for as
configure:6196: found /usr/bin/as
configure:6206: result: as
configure:6272: checking for dlltool
configure:6288: found /usr/bin/dlltool
configure:6298: result: dlltool
configure:6364: checking for objdump
configure:6380: found /usr/bin/objdump
configure:6390: result: objdump
configure:6571: checking for a sed that does not truncate output
configure:6643: result: /usr/bin/sed
configure:6660: checking for fgrep
configure:6738: result: /usr/bin/grep -F
configure:6773: checking for ld used by gcc -std=gnu99
configure:6840: result: /usr/i686-pc-cygwin/bin/ld.exe
configure:6849: checking if the linker (/usr/i686-pc-cygwin/bin/ld.exe) is GNU ld
configure:6864: result: yes
configure:6876: checking for BSD- or MS-compatible name lister (nm)
configure:6925: result: /usr/bin/nm -B
configure:7043: checking the name lister (/usr/bin/nm -B) interface
configure:7050: gcc -std=gnu99 -c -g -O2  conftest.c >&5
configure:7053: /usr/bin/nm -B "conftest.o"
configure:7056: output
00000000 b .bss
00000000 d .data
00000000 N .stab
00000000 N .stabstr
00000000 t .text
00000000 B _some_variable
configure:7063: result: BSD nm
configure:7067: checking the maximum length of command line arguments
configure:7181: result: 8192
configure:7198: checking whether the shell understands some XSI constructs
configure:7206: result: yes
configure:7210: checking for /usr/i686-pc-cygwin/bin/ld.exe option to reload object files
configure:7217: result: -r
configure:7244: checking how to recognise dependent libraries
configure:7428: result: file_magic ^x86 archive import|^x86 DLL
configure:7487: checking for ar
configure:7503: found /usr/bin/ar
configure:7513: result: ar
configure:7592: checking for strip
configure:7608: found /usr/bin/strip
configure:7618: result: strip
configure:7691: checking for ranlib
configure:7707: found /usr/bin/ranlib
configure:7717: result: ranlib
configure:7809: checking command to parse /usr/bin/nm -B output from gcc -std=gnu99 object
configure:7925: gcc -std=gnu99 -c -g -O2  conftest.c >&5
configure:7928: $? = 0
configure:7932: /usr/bin/nm -B conftest.o \| sed -n -e 's/^.*[ 	]\([ABCDGIRSTW][ABCDGIRSTW]*\)[ 	][ 	]*\([_A-Za-z][_A-Za-z0-9]*\)$/\1 \2 \2/p' \> conftest.nm
configure:7935: $? = 0
cannot find nm_test_var in conftest.nm
configure:7925: gcc -std=gnu99 -c -g -O2  conftest.c >&5
configure:7928: $? = 0
configure:7932: /usr/bin/nm -B conftest.o \| sed -n -e 's/^.*[ 	]\([ABCDGIRSTW][ABCDGIRSTW]*\)[ 	][ 	]*_\([_A-Za-z][_A-Za-z0-9]*\)$/\1 _\2 \2/p' \> conftest.nm
configure:7935: $? = 0
cannot find nm_test_var in conftest.nm
configure:8027: result: failed
configure:8265: checking for dlfcn.h
configure:8281: gcc -std=gnu99 -c -g -O2  conftest.c >&5
configure:8287: $? = 0
configure:8291: test -z 
			 || test ! -s conftest.err
configure:8294: $? = 0
configure:8297: test -s conftest.o
configure:8300: $? = 0
configure:8313: result: yes
configure:8375: checking for objdir
configure:8390: result: .libs
configure:8687: checking if gcc -std=gnu99 supports -fno-rtti -fno-exceptions
configure:8705: gcc -std=gnu99 -c -g -O2  -fno-rtti -fno-exceptions conftest.c >&5
cc1: warning: command line option "-fno-rtti" is valid for C++/ObjC++ but not for C
configure:8709: $? = 0
configure:8722: result: no
configure:8742: checking for gcc -std=gnu99 option to produce PIC
configure:8979: result:  -DPIC
configure:8991: checking if gcc -std=gnu99 PIC flag  -DPIC works
configure:9009: gcc -std=gnu99 -c -g -O2   -DPIC -DPIC conftest.c >&5
configure:9013: $? = 0
configure:9026: result: yes
configure:9050: checking if gcc -std=gnu99 static flag -static works
configure:9078: result: yes
configure:9093: checking if gcc -std=gnu99 supports -c -o file.o
configure:9114: gcc -std=gnu99 -c -g -O2  -o out/conftest2.o conftest.c >&5
configure:9118: $? = 0
configure:9140: result: yes
configure:9148: checking if gcc -std=gnu99 supports -c -o file.o
configure:9195: result: yes
configure:9228: checking whether the gcc -std=gnu99 linker (/usr/i686-pc-cygwin/bin/ld.exe) supports shared libraries
configure:10296: result: yes
configure:10333: checking whether -lc should be explicitly linked in
configure:10338: gcc -std=gnu99 -c -g -O2  conftest.c >&5
configure:10341: $? = 0
configure:10356: gcc -std=gnu99 -shared conftest.o  -v -o ./conftest -Wl,--enable-auto-image-base -Xlinker --out-implib -Xlinker conftest 2\>\&1 \| /usr/bin/grep  -lc  \>/dev/null 2\>\&1
configure:10359: $? = 1
configure:10371: result: yes
configure:10525: checking dynamic linker characteristics
configure:11136: result: Win32 ld.exe
configure:11231: checking how to hardcode library paths into programs
configure:11256: result: immediate
configure:12097: checking whether stripping libraries is possible
configure:12102: result: yes
configure:12137: checking if libtool supports shared libraries
configure:12139: result: yes
configure:12142: checking whether to build shared libraries
configure:12163: result: yes
configure:12166: checking whether to build static libraries
configure:12170: result: yes
configure:12394: checking png.h usability
configure:12406: gcc -std=gnu99 -c -g -O2  conftest.c >&5
conftest.c:65:17: png.h: No such file or directory
configure:12412: $? = 1
configure: failed program was:
| /* confdefs.h.  */
| #define PACKAGE_NAME ""
| #define PACKAGE_TARNAME ""
| #define PACKAGE_VERSION ""
| #define PACKAGE_STRING ""
| #define PACKAGE_BUGREPORT ""
| #define PACKAGE "libjpeg"
| #define VERSION "6.1.0"
| #define HAVE_PROTOTYPES 1
| #define STDC_HEADERS 1
| #define HAVE_SYS_TYPES_H 1
| #define HAVE_SYS_STAT_H 1
| #define HAVE_STDLIB_H 1
| #define HAVE_STRING_H 1
| #define HAVE_MEMORY_H 1
| #define HAVE_STRINGS_H 1
| #define HAVE_INTTYPES_H 1
| #define HAVE_STDINT_H 1
| #define HAVE_UNISTD_H 1
| #define HAVE_STDDEF_H 1
| #define HAVE_STDLIB_H 1
| #define HAVE_UNSIGNED_CHAR 1
| #define HAVE_UNSIGNED_SHORT 1
| #define INLINE __inline__
| #define HAVE_DLFCN_H 1
| #define LT_OBJDIR ".libs/"
| #define BMP_SUPPORTED 1
| #define GIF_SUPPORTED 1
| #define PPM_SUPPORTED 1
| #define TARGA_SUPPORTED 1
| /* end confdefs.h.  */
| #include <stdio.h>
| #if HAVE_SYS_TYPES_H
| # include <sys/types.h>
| #endif
| #if HAVE_SYS_STAT_H
| # include <sys/stat.h>
| #endif
| #if STDC_HEADERS
| # include <stdlib.h>
| # include <stddef.h>
| #else
| # if HAVE_STDLIB_H
| #  include <stdlib.h>
| # endif
| #endif
| #if HAVE_STRING_H
| # if !STDC_HEADERS && HAVE_MEMORY_H
| #  include <memory.h>
| # endif
| # include <string.h>
| #endif
| #if HAVE_STRINGS_H
| # include <strings.h>
| #endif
| #if HAVE_INTTYPES_H
| # include <inttypes.h>
| #endif
| #if HAVE_STDINT_H
| # include <stdint.h>
| #endif
| #if HAVE_UNISTD_H
| # include <unistd.h>
| #endif
| #include <png.h>
configure:12436: result: no
configure:12440: checking png.h presence
configure:12450: gcc -std=gnu99 -E  conftest.c
conftest.c:32:17: png.h: No such file or directory
configure:12456: $? = 1
configure: failed program was:
| /* confdefs.h.  */
| #define PACKAGE_NAME ""
| #define PACKAGE_TARNAME ""
| #define PACKAGE_VERSION ""
| #define PACKAGE_STRING ""
| #define PACKAGE_BUGREPORT ""
| #define PACKAGE "libjpeg"
| #define VERSION "6.1.0"
| #define HAVE_PROTOTYPES 1
| #define STDC_HEADERS 1
| #define HAVE_SYS_TYPES_H 1
| #define HAVE_SYS_STAT_H 1
| #define HAVE_STDLIB_H 1
| #define HAVE_STRING_H 1
| #define HAVE_MEMORY_H 1
| #define HAVE_STRINGS_H 1
| #define HAVE_INTTYPES_H 1
| #define HAVE_STDINT_H 1
| #define HAVE_UNISTD_H 1
| #define HAVE_STDDEF_H 1
| #define HAVE_STDLIB_H 1
| #define HAVE_UNSIGNED_CHAR 1
| #define HAVE_UNSIGNED_SHORT 1
| #define INLINE __inline__
| #define HAVE_DLFCN_H 1
| #define LT_OBJDIR ".libs/"
| #define BMP_SUPPORTED 1
| #define GIF_SUPPORTED 1
| #define PPM_SUPPORTED 1
| #define TARGA_SUPPORTED 1
| /* end confdefs.h.  */
| #include <png.h>
configure:12477: result: no
configure:12512: checking for png.h
configure:12519: result: no
configure:12844: checking libjpeg version number
configure:12847: result: 62
configure:12955: creating ./config.status

## ---------------------- ##
## Running config.status. ##
## ---------------------- ##

This file was extended by config.status, which was
generated by GNU Autoconf 2.59c.  Invocation command line was

  CONFIG_FILES    = 
  CONFIG_HEADERS  = 
  CONFIG_LINKS    = 
  CONFIG_COMMANDS = 
  $ ./config.status 

on Alexander-Pruss

config.status:820: creating Makefile
config.status:820: creating jconfig.h
config.status:1002: jconfig.h is unchanged
config.status:820: creating jconfig_api.h
config.status:1002: jconfig_api.h is unchanged
config.status:1037: executing depfiles commands
config.status:1037: executing libtool commands

## ---------------- ##
## Cache variables. ##
## ---------------- ##

ac_cv_build=i686-pc-cygwin
ac_cv_c_compiler_gnu=yes
ac_cv_c_const=yes
ac_cv_env_CC_set=
ac_cv_env_CC_value=
ac_cv_env_CFLAGS_set=
ac_cv_env_CFLAGS_value=
ac_cv_env_CPPFLAGS_set=
ac_cv_env_CPPFLAGS_value=
ac_cv_env_CPP_set=
ac_cv_env_CPP_value=
ac_cv_env_LDFLAGS_set=
ac_cv_env_LDFLAGS_value=
ac_cv_env_build_alias_set=
ac_cv_env_build_alias_value=
ac_cv_env_host_alias_set=
ac_cv_env_host_alias_value=
ac_cv_env_target_alias_set=set
ac_cv_env_target_alias_value=i686-pc-mingw32
ac_cv_exeext=.exe
ac_cv_header_dlfcn_h=yes
ac_cv_header_inttypes_h=yes
ac_cv_header_memory_h=yes
ac_cv_header_png_h=no
ac_cv_header_stdc=yes
ac_cv_header_stddef_h=yes
ac_cv_header_stdint_h=yes
ac_cv_header_stdlib_h=yes
ac_cv_header_string_h=yes
ac_cv_header_strings_h=yes
ac_cv_header_sys_stat_h=yes
ac_cv_header_sys_types_h=yes
ac_cv_header_unistd_h=yes
ac_cv_host=i686-pc-cygwin
ac_cv_objext=o
ac_cv_path_EGREP='/usr/bin/grep -E'
ac_cv_path_FGREP='/usr/bin/grep -F'
ac_cv_path_GREP=/usr/bin/grep
ac_cv_path_SED=/usr/bin/sed
ac_cv_path_install='/usr/bin/install -c'
ac_cv_prog_AWK=gawk
ac_cv_prog_CPP='gcc -std=gnu99 -E'
ac_cv_prog_ac_ct_AR=ar
ac_cv_prog_ac_ct_AS=as
ac_cv_prog_ac_ct_CC=gcc
ac_cv_prog_ac_ct_DLLTOOL=dlltool
ac_cv_prog_ac_ct_OBJDUMP=objdump
ac_cv_prog_ac_ct_RANLIB=ranlib
ac_cv_prog_ac_ct_STRIP=strip
ac_cv_prog_cc_c89=
ac_cv_prog_cc_c99=-std=gnu99
ac_cv_prog_cc_g=yes
ac_cv_prog_cc_stdc=-std=gnu99
ac_cv_prog_make_make_set=yes
ac_cv_target=i686-pc-mingw32
am_cv_CC_dependencies_compiler_type=gcc3
ijg_cv_have_prototypes=yes
ijg_cv_inline=__inline__
lt_cv_deplibs_check_method='file_magic ^x86 archive import|^x86 DLL'
lt_cv_file_magic_cmd=func_win32_libid
lt_cv_file_magic_test_file=
lt_cv_ld_reload_flag=-r
lt_cv_nm_interface='BSD nm'
lt_cv_objdir=.libs
lt_cv_path_LD=/usr/i686-pc-cygwin/bin/ld.exe
lt_cv_path_NM='/usr/bin/nm -B'
lt_cv_prog_compiler_c_o=yes
lt_cv_prog_compiler_rtti_exceptions=no
lt_cv_prog_gnu_ld=yes
lt_cv_sys_global_symbol_pipe=
lt_cv_sys_global_symbol_to_c_name_address='sed -n -e '\''s/^: \([^ ]*\) $/  {\"\1\", (void *) 0},/p'\'' -e '\''s/^[ABCDGIRSTW]* \([^ ]*\) \([^ ]*\)$/  {"\2", (void *) \&\2},/p'\'''
lt_cv_sys_global_symbol_to_cdecl=
lt_cv_sys_max_cmd_len=8192

## ----------------- ##
## Output variables. ##
## ----------------- ##

ACLOCAL='${SHELL} /fullplucker/tools/explode/libs/libjpeg/config/missing --run aclocal-1.9a'
AMDEPBACKSLASH='\'
AMDEP_FALSE='#'
AMDEP_TRUE=''
AMTAR='${SHELL} /fullplucker/tools/explode/libs/libjpeg/config/missing --run tar'
AR='ar'
AS='as'
AUTOCONF='${SHELL} /fullplucker/tools/explode/libs/libjpeg/config/missing --run autoconf'
AUTOHEADER='${SHELL} /fullplucker/tools/explode/libs/libjpeg/config/missing --run autoheader'
AUTOMAKE='${SHELL} /fullplucker/tools/explode/libs/libjpeg/config/missing --run automake-1.9a'
AWK='gawk'
CC='gcc -std=gnu99'
CCDEPMODE='depmode=gcc3'
CFLAGS='-g -O2'
CPP='gcc -std=gnu99 -E'
CPPFLAGS=''
CYGPATH_W='cygpath -w'
DEFS='-DHAVE_CONFIG_H'
DEPDIR='.deps'
DLLTOOL='dlltool'
DUMPBIN=''
ECHO_C=''
ECHO_N='-n'
ECHO_T=''
EGREP='/usr/bin/grep -E'
EXEEXT='.exe'
FGREP='/usr/bin/grep -F'
GREP='/usr/bin/grep'
INSTALL_DATA='${INSTALL} -m 644'
INSTALL_PROGRAM='${INSTALL}'
INSTALL_SCRIPT='${INSTALL}'
INSTALL_STRIP_PROGRAM='$(install_sh) -c -s'
JPEG_LIB_VERSION='62'
LD='/usr/i686-pc-cygwin/bin/ld.exe'
LDFLAGS=''
LIBOBJS=''
LIBS=''
LIBTOOL='$(SHELL) $(top_builddir)/libtool'
LN_S='ln -s'
LTLIBOBJS=''
MAINT='#'
MAINTAINER_MODE_FALSE=''
MAINTAINER_MODE_TRUE='#'
MAKEINFO='${SHELL} /fullplucker/tools/explode/libs/libjpeg/config/missing --run makeinfo'
MEMORYMGR='jmemnobs'
NM='/usr/bin/nm -B'
OBJDUMP='objdump'
OBJEXT='o'
PACKAGE='libjpeg'
PACKAGE_BUGREPORT=''
PACKAGE_NAME=''
PACKAGE_STRING=''
PACKAGE_TARNAME=''
PACKAGE_VERSION=''
PATH_SEPARATOR=':'
PNGLIBS=''
RANLIB='ranlib'
SED='/usr/bin/sed'
SET_MAKE=''
SHELL='/bin/sh'
STRIP='strip'
VERSION='6.1.0'
ac_ct_CC='gcc'
ac_ct_DUMPBIN=''
am__fastdepCC_FALSE='#'
am__fastdepCC_TRUE=''
am__include='include'
am__leading_dot='.'
am__quote=''
am__tar='${AMTAR} chof - "$$tardir"'
am__untar='${AMTAR} xf -'
bindir='${exec_prefix}/bin'
build='i686-pc-cygwin'
build_alias=''
build_cpu='i686'
build_os='cygwin'
build_vendor='pc'
datadir='${datarootdir}'
datarootdir='${prefix}/share'
docdir='${datarootdir}/doc/${PACKAGE}'
dvidir='${docdir}'
exec_prefix='${prefix}'
host='i686-pc-cygwin'
host_alias=''
host_cpu='i686'
host_os='cygwin'
host_vendor='pc'
htmldir='${docdir}'
includedir='${prefix}/include'
infodir='${datarootdir}/info'
install_sh='$(SHELL) /fullplucker/tools/explode/libs/libjpeg/config/install-sh'
libdir='${exec_prefix}/lib'
libexecdir='${exec_prefix}/libexec'
localedir='${datarootdir}/locale'
localstatedir='${prefix}/var'
lt_ECHO='echo'
mandir='${datarootdir}/man'
mkdir_p='mkdir -p --'
oldincludedir='/usr/include'
pdfdir='${docdir}'
prefix='/usr/local'
program_transform_name='s&^&i686-pc-mingw32-&'
psdir='${docdir}'
sbindir='${exec_prefix}/sbin'
sharedstatedir='${prefix}/com'
sysconfdir='${prefix}/etc'
target='i686-pc-mingw32'
target_alias='i686-pc-mingw32'
target_cpu='i686'
target_os='mingw32'
target_vendor='pc'

## ----------- ##
## confdefs.h. ##
## ----------- ##

#define BMP_SUPPORTED 1
#define GIF_SUPPORTED 1
#define HAVE_DLFCN_H 1
#define HAVE_INTTYPES_H 1
#define HAVE_MEMORY_H 1
#define HAVE_PROTOTYPES 1
#define HAVE_STDDEF_H 1
#define HAVE_STDINT_H 1
#define HAVE_STDLIB_H 1
#define HAVE_STDLIB_H 1
#define HAVE_STRINGS_H 1
#define HAVE_STRING_H 1
#define HAVE_SYS_STAT_H 1
#define HAVE_SYS_TYPES_H 1
#define HAVE_UNISTD_H 1
#define HAVE_UNSIGNED_CHAR 1
#define HAVE_UNSIGNED_SHORT 1
#define INLINE __inline__
#define LT_OBJDIR ".libs/"
#define PACKAGE "libjpeg"
#define PACKAGE_BUGREPORT ""
#define PACKAGE_NAME ""
#define PACKAGE_STRING ""
#define PACKAGE_TARNAME ""
#define PACKAGE_VERSION ""
#define PPM_SUPPORTED 1
#define STDC_HEADERS 1
#define TARGA_SUPPORTED 1
#define VERSION "6.1.0"

configure: exit 0
